<?xml version="1.0" encoding="UTF-8"?>
<!-- Generated by org.testng.reporters.JUnitReportReporter -->
<testsuite skipped="0" hostname="sudheer-PC" name="com.OHRMS.testcases.LoginPageTest" tests="2" failures="0" timestamp="29 Nov 2017 06:41:36 GMT" time="2.527" errors="0">
  <testcase name="loginPageTitleTest" time="0.030" classname="com.OHRMS.testcases.LoginPageTest"/>
  <testcase name="LoginTest" time="2.497" classname="com.OHRMS.testcases.LoginPageTest"/>
</testsuite> <!-- com.OHRMS.testcases.LoginPageTest -->
