<?xml version="1.0" encoding="UTF-8"?>
<!-- Generated by org.testng.reporters.JUnitReportReporter -->
<testsuite skipped="0" hostname="sudheer-PC" name="com.OHRMS.testcases.LoginPageTest" tests="2" failures="0" timestamp="28 Nov 2017 11:30:12 GMT" time="4.340" errors="0">
  <testcase name="loginPageTitleTest" time="0.017" classname="com.OHRMS.testcases.LoginPageTest"/>
  <testcase name="LoginTest" time="4.323" classname="com.OHRMS.testcases.LoginPageTest"/>
</testsuite> <!-- com.OHRMS.testcases.LoginPageTest -->
